#
# A fatal error has been detected by the Java Runtime Environment:
#
#  SIGSEGV (0xb) at pc=0x00007fd150cbb857, pid=10744, tid=140536776189696
#
# JRE version: OpenJDK Runtime Environment (7.0_65-b32) (build 1.7.0_65-b32)
# Java VM: OpenJDK 64-Bit Server VM (24.65-b04 mixed mode linux-amd64 compressed oops)
# Problematic frame:
# V  [libjvm.so+0x5e8857]  java_lang_String::length(oopDesc*) [clone .part.109]+0x37
#
# Failed to write core dump. Core dumps have been disabled. To enable core dumping, try "ulimit -c unlimited" before starting Java again
#
# If you would like to submit a bug report, please include
# instructions on how to reproduce the bug and visit:
#   http://icedtea.classpath.org/bugzilla
#

---------------  T H R E A D  ---------------

Current thread (0x00007fd1480ac000):  JavaThread "JDWP Transport Listener: dt_socket" daemon [_thread_in_vm, id=10760, stack(0x00007fd1448f6000,0x00007fd1449f7000)]

siginfo:si_signo=SIGSEGV: si_errno=0, si_code=1 (SEGV_MAPERR), si_addr=0x000000000000000c

Registers:
RAX=0x0000000000000000, RBX=0x0000000000000001, RCX=0x00007fd151905320, RDX=0x000000000000000c
RSP=0x00007fd1449f5a10, RBP=0x00007fd1449f5a10, RSI=0x00007fd148086898, RDI=0x00000007d7189e50
R8 =0x0000000000000001, R9 =0x00007fd11c000078, R10=0x0000000000000000, R11=0x0000000000000206
R12=0x0000000000000000, R13=0x0000000000000000, R14=0x00007fd1449f5b80, R15=0x0000000000000000
RIP=0x00007fd150cbb857, EFLAGS=0x0000000000010246, CSGSFS=0x0000000000000033, ERR=0x0000000000000004
  TRAPNO=0x000000000000000e

Top of Stack: (sp=0x00007fd1449f5a10)
0x00007fd1449f5a10:   00007fd1449f5a40 00007fd150cbc325
0x00007fd1449f5a20:   00007fd1449f5a60 00007fd1480ac000
0x00007fd1449f5a30:   00007fd148086898 00000007d7189e50
0x00007fd1449f5a40:   00007fd1449f5ab0 00007fd150ccc932
0x00007fd1449f5a50:   00007fd1480ac1d8 00007fd14f86af00
0x00007fd1449f5a60:   00007fd1480ac000 0000000000000000
0x00007fd1449f5a70:   00007fd1480ac1d8 00007fd148086898
0x00007fd1449f5a80:   00007fd1449f5b50 00007fd1480ac1d8
0x00007fd1449f5a90:   00007fd14f86af00 00007fd148086898
0x00007fd1449f5aa0:   00007fd1449f5b80 00007fd14f86af00
0x00007fd1449f5ab0:   00007fd1449f5af0 00007fd14f639022
0x00007fd1449f5ac0:   00007fd1449f5b50 0000000000010a00
0x00007fd1449f5ad0:   00007fd1449f5b50 000000000000000a
0x00007fd1449f5ae0:   00007fd1449f5b80 00007fd14f86af00
0x00007fd1449f5af0:   00007fd1449f5d40 00007fd14f641688
0x00007fd1449f5b00:   00002d4800000013 00007fd11c010a00
0x00007fd1449f5b10:   00007fd114000f80 00007fd11c000020
0x00007fd1449f5b20:   0000000000000020 00007fd114001001
0x00007fd1449f5b30:   00002d4800000013 00007fd11c010a00
0x00007fd1449f5b40:   00007fd114000f80 00007fd1480a3518
0x00007fd1449f5b50:   00007fd114000f88 000000000000000b
0x00007fd1449f5b60:   00002d4800000013 00007fd11c010a00
0x00007fd1449f5b70:   00007fd114000f80 00007fd11c007c50
0x00007fd1449f5b80:   00007fd1449f5bd0 000000000000012c
0x00007fd1449f5b90:   00007fd1449f5b98 00007fd100000000
0x00007fd1449f5ba0:   00007fd1449f5bd0 0000000000000000
0x00007fd1449f5bb0:   00007f0000000000 00002d4800000249
0x00007fd1449f5bc0:   00007fd100005c80 0000000000000000
0x00007fd1449f5bd0:   d17f00000e000000 06000000b84b001c
0x00007fd1449f5be0:   00003e74696e693c 0000005629280300
0x00007fd1449f5bf0:   7f00000100000000 0000000074001cd1
0x00007fd1449f5c00:   657473696765720f 7365766974614e72 

Instructions: (pc=0x00007fd150cbb857)
0x00007fd150cbb837:   8b 14 07 31 c0 85 d2 74 12 89 d0 48 8d 15 b7 6b
0x00007fd150cbb847:   7d 00 8b 4a 08 48 d3 e0 48 03 02 ba 0c 00 00 00
0x00007fd150cbb857:   8b 04 10 5d c3 0f 1f 40 00 48 8b 04 07 ba 10 00
0x00007fd150cbb867:   00 00 5d 8b 04 10 c3 66 90 55 48 8d 46 10 48 89 

Register to memory mapping:

RAX=0x0000000000000000 is an unknown value
RBX=0x0000000000000001 is an unknown value
RCX=0x00007fd151905320: <offset 0x219320> in /lib/x86_64-linux-gnu/libpthread.so.0 at 0x00007fd1516ec000
RDX=0x000000000000000c is an unknown value
RSP=0x00007fd1449f5a10 is pointing into the stack for thread: 0x00007fd1480ac000
RBP=0x00007fd1449f5a10 is pointing into the stack for thread: 0x00007fd1480ac000
RSI=0x00007fd148086898 is a global jni handle
RDI=0x00000007d7189e50 is an oop
java.lang.String 
 - klass: 'java/lang/String'
R8 =0x0000000000000001 is an unknown value
R9 =0x00007fd11c000078 is an unknown value
R10=0x0000000000000000 is an unknown value
R11=0x0000000000000206 is an unknown value
R12=0x0000000000000000 is an unknown value
R13=0x0000000000000000 is an unknown value
R14=0x00007fd1449f5b80 is pointing into the stack for thread: 0x00007fd1480ac000
R15=0x0000000000000000 is an unknown value


Stack: [0x00007fd1448f6000,0x00007fd1449f7000],  sp=0x00007fd1449f5a10,  free space=1022k
Native frames: (J=compiled Java code, j=interpreted, Vv=VM code, C=native code)
V  [libjvm.so+0x5e8857]  java_lang_String::length(oopDesc*) [clone .part.109]+0x37
V  [libjvm.so+0x5e9325]  java_lang_String::utf8_length(oopDesc*)+0x95
V  [libjvm.so+0x5f9932]  jni_GetStringUTFChars+0x72
C  [libjdwp.so+0x9022]
C  [libjdwp.so+0x11688]
C  [libjdwp.so+0x23795]
V  [libjvm.so+0x6a9f9b]  JvmtiAgentThread::start_function_wrapper(JavaThread*, Thread*)+0x9b
V  [libjvm.so+0x8ff700]  JavaThread::thread_main_inner()+0xf0
V  [libjvm.so+0x8ff971]  JavaThread::run()+0x221
V  [libjvm.so+0x7c4532]  java_start(Thread*)+0xf2


---------------  P R O C E S S  ---------------

Java Threads: ( => current thread )
  0x00007fd1480b7000 JavaThread "Service Thread" daemon [_thread_blocked, id=10768, stack(0x00007fd1443f1000,0x00007fd1444f2000)]
  0x00007fd1480b5000 JavaThread "C2 CompilerThread1" daemon [_thread_blocked, id=10767, stack(0x00007fd1444f2000,0x00007fd1445f3000)]
  0x00007fd1480b2000 JavaThread "C2 CompilerThread0" daemon [_thread_blocked, id=10766, stack(0x00007fd1445f3000,0x00007fd1446f4000)]
  0x00007fd11c001000 JavaThread "JDWP Command Reader" daemon [_thread_in_native, id=10762, stack(0x00007fd1446f4000,0x00007fd1447f5000)]
  0x00007fd1480af800 JavaThread "JDWP Event Helper Thread" daemon [_thread_blocked, id=10761, stack(0x00007fd1447f5000,0x00007fd1448f6000)]
=>0x00007fd1480ac000 JavaThread "JDWP Transport Listener: dt_socket" daemon [_thread_in_vm, id=10760, stack(0x00007fd1448f6000,0x00007fd1449f7000)]
  0x00007fd14809f000 JavaThread "Signal Dispatcher" daemon [_thread_blocked, id=10758, stack(0x00007fd144bfc000,0x00007fd144cfd000)]
  0x00007fd14807f000 JavaThread "Finalizer" daemon [_thread_blocked, id=10757, stack(0x00007fd144cfd000,0x00007fd144dfe000)]
  0x00007fd14807d000 JavaThread "Reference Handler" daemon [_thread_blocked, id=10756, stack(0x00007fd144dfe000,0x00007fd144eff000)]
  0x00007fd14800d800 JavaThread "main" [_thread_blocked, id=10750, stack(0x00007fd1521db000,0x00007fd1522dc000)]

Other Threads:
  0x00007fd148078800 VMThread [stack: 0x00007fd144eff000,0x00007fd145000000] [id=10755]
  0x00007fd1480c1800 WatcherThread [stack: 0x00007fd1442f0000,0x00007fd1443f1000] [id=10769]

VM state:not at safepoint (normal execution)

VM Mutex/Monitor currently owned by a thread: None

Heap
 PSYoungGen      total 36864K, used 1904K [0x00000007d7100000, 0x00000007d9a00000, 0x0000000800000000)
  eden space 31744K, 6% used [0x00000007d7100000,0x00000007d72dc3c0,0x00000007d9000000)
  from space 5120K, 0% used [0x00000007d9500000,0x00000007d9500000,0x00000007d9a00000)
  to   space 5120K, 0% used [0x00000007d9000000,0x00000007d9000000,0x00000007d9500000)
 ParOldGen       total 83456K, used 0K [0x0000000785400000, 0x000000078a580000, 0x00000007d7100000)
  object space 83456K, 0% used [0x0000000785400000,0x0000000785400000,0x000000078a580000)
 PSPermGen       total 21504K, used 3804K [0x000000077ae00000, 0x000000077c300000, 0x0000000785400000)
  object space 21504K, 17% used [0x000000077ae00000,0x000000077b1b7160,0x000000077c300000)

Card table byte_map: [0x00007fd14decf000,0x00007fd14e2f9000] byte_map_base: 0x00007fd14a2f8000

Polling page: 0x00007fd152301000

Code Cache  [0x00007fd145000000, 0x00007fd145270000, 0x00007fd148000000)
 total_blobs=212 nmethods=2 adapters=172 free_code_cache=48751Kb largest_free_block=49902592

Compilation events (4 events):
Event: 0,346 Thread 0x00007fd1480b2000    1             java.lang.String::indexOf (70 bytes)
Event: 0,347 Thread 0x00007fd1480b5000    2             java.lang.String::hashCode (55 bytes)
Event: 0,352 Thread 0x00007fd1480b5000 nmethod 2 0x00007fd145063ed0 code [0x00007fd145064020, 0x00007fd1450641b8]
Event: 0,352 Thread 0x00007fd1480b2000 nmethod 1 0x00007fd145063a90 code [0x00007fd145063be0, 0x00007fd145063dc8]

GC Heap History (0 events):
No events

Deoptimization events (0 events):
No events

Internal exceptions (10 events):
Event: 0,304 Thread 0x00007fd14800d800 Threw 0x00000007d7146fd8 at /build/buildd/openjdk-7-7u65-2.5.1/build/openjdk/hotspot/src/share/vm/prims/jni.cpp:721
Event: 0,304 Thread 0x00007fd14800d800 Threw 0x00000007d7147170 at /build/buildd/openjdk-7-7u65-2.5.1/build/openjdk/hotspot/src/share/vm/prims/jvm.cpp:1247
Event: 0,304 Thread 0x00007fd14800d800 Threw 0x00000007d7147298 at /build/buildd/openjdk-7-7u65-2.5.1/build/openjdk/hotspot/src/share/vm/prims/jvm.cpp:1247
Event: 0,305 Thread 0x00007fd14800d800 Threw 0x00000007d714b530 at /build/buildd/openjdk-7-7u65-2.5.1/build/openjdk/hotspot/src/share/vm/prims/jvm.cpp:1247
Event: 0,345 Thread 0x00007fd14800d800 Threw 0x00000007d7177f38 at /build/buildd/openjdk-7-7u65-2.5.1/build/openjdk/hotspot/src/share/vm/prims/jvm.cpp:1247
Event: 0,345 Thread 0x00007fd14800d800 Threw 0x00000007d7178060 at /build/buildd/openjdk-7-7u65-2.5.1/build/openjdk/hotspot/src/share/vm/prims/jvm.cpp:1247
Event: 0,346 Thread 0x00007fd14800d800 Threw 0x00000007d717a610 at /build/buildd/openjdk-7-7u65-2.5.1/build/openjdk/hotspot/src/share/vm/prims/jvm.cpp:1247
Event: 0,346 Thread 0x00007fd14800d800 Threw 0x00000007d717a738 at /build/buildd/openjdk-7-7u65-2.5.1/build/openjdk/hotspot/src/share/vm/prims/jvm.cpp:1247
Event: 0,346 Thread 0x00007fd14800d800 Threw 0x00000007d717b180 at /build/buildd/openjdk-7-7u65-2.5.1/build/openjdk/hotspot/src/share/vm/prims/jvm.cpp:1247
Event: 0,346 Thread 0x00007fd14800d800 Threw 0x00000007d717b2a8 at /build/buildd/openjdk-7-7u65-2.5.1/build/openjdk/hotspot/src/share/vm/prims/jvm.cpp:1247

Events (10 events):
Event: 38,679 Executing VM operation: GetOrSetLocal
Event: 38,679 Executing VM operation: GetOrSetLocal done
Event: 38,702 Executing VM operation: EnterInterpOnlyMode
Event: 38,703 Executing VM operation: EnterInterpOnlyMode done
Event: 38,703 Executing VM operation: GetCurrentLocation
Event: 38,703 Executing VM operation: GetCurrentLocation done
Event: 38,703 Executing VM operation: ChangeSingleStep
Event: 38,703 Executing VM operation: ChangeSingleStep done
Event: 38,703 Executing VM operation: ChangeSingleStep
Event: 38,703 Executing VM operation: ChangeSingleStep done


Dynamic libraries:
00400000-00401000 r-xp 00000000 08:06 2762848                            /usr/lib/jvm/java-7-openjdk-amd64/jre/bin/java
00600000-00601000 r--p 00000000 08:06 2762848                            /usr/lib/jvm/java-7-openjdk-amd64/jre/bin/java
00601000-00602000 rw-p 00001000 08:06 2762848                            /usr/lib/jvm/java-7-openjdk-amd64/jre/bin/java
01e7d000-01e9e000 rw-p 00000000 00:00 0                                  [heap]
77ae00000-77c300000 rw-p 00000000 00:00 0 
77c300000-785400000 rw-p 00000000 00:00 0 
785400000-78a580000 rw-p 00000000 00:00 0 
78a580000-7d7100000 rw-p 00000000 00:00 0 
7d7100000-7d9a00000 rw-p 00000000 00:00 0 
7d9a00000-800000000 rw-p 00000000 00:00 0 
7fd100000000-7fd100021000 rw-p 00000000 00:00 0 
7fd100021000-7fd104000000 ---p 00000000 00:00 0 
7fd104000000-7fd104021000 rw-p 00000000 00:00 0 
7fd104021000-7fd108000000 ---p 00000000 00:00 0 
7fd108000000-7fd108079000 rw-p 00000000 00:00 0 
7fd108079000-7fd10c000000 ---p 00000000 00:00 0 
7fd10c000000-7fd10c043000 rw-p 00000000 00:00 0 
7fd10c043000-7fd110000000 ---p 00000000 00:00 0 
7fd110000000-7fd110021000 rw-p 00000000 00:00 0 
7fd110021000-7fd114000000 ---p 00000000 00:00 0 
7fd114000000-7fd114021000 rw-p 00000000 00:00 0 
7fd114021000-7fd118000000 ---p 00000000 00:00 0 
7fd118000000-7fd118021000 rw-p 00000000 00:00 0 
7fd118021000-7fd11c000000 ---p 00000000 00:00 0 
7fd11c000000-7fd11c021000 rw-p 00000000 00:00 0 
7fd11c021000-7fd120000000 ---p 00000000 00:00 0 
7fd120000000-7fd120021000 rw-p 00000000 00:00 0 
7fd120021000-7fd124000000 ---p 00000000 00:00 0 
7fd124000000-7fd124021000 rw-p 00000000 00:00 0 
7fd124021000-7fd128000000 ---p 00000000 00:00 0 
7fd128000000-7fd128021000 rw-p 00000000 00:00 0 
7fd128021000-7fd12c000000 ---p 00000000 00:00 0 
7fd12e6a3000-7fd12e804000 rw-p 00000000 00:00 0 
7fd12e804000-7fd12e841000 r-xp 00000000 08:06 2625544                    /lib/x86_64-linux-gnu/libpcre.so.3.13.1
7fd12e841000-7fd12ea40000 ---p 0003d000 08:06 2625544                    /lib/x86_64-linux-gnu/libpcre.so.3.13.1
7fd12ea40000-7fd12ea41000 r--p 0003c000 08:06 2625544                    /lib/x86_64-linux-gnu/libpcre.so.3.13.1
7fd12ea41000-7fd12ea42000 rw-p 0003d000 08:06 2625544                    /lib/x86_64-linux-gnu/libpcre.so.3.13.1
7fd12ea42000-7fd12ea49000 r-xp 00000000 08:06 2890678                    /usr/lib/x86_64-linux-gnu/libffi.so.6.0.1
7fd12ea49000-7fd12ec48000 ---p 00007000 08:06 2890678                    /usr/lib/x86_64-linux-gnu/libffi.so.6.0.1
7fd12ec48000-7fd12ec49000 r--p 00006000 08:06 2890678                    /usr/lib/x86_64-linux-gnu/libffi.so.6.0.1
7fd12ec49000-7fd12ec4a000 rw-p 00007000 08:06 2890678                    /usr/lib/x86_64-linux-gnu/libffi.so.6.0.1
7fd12ec4a000-7fd12ec61000 r-xp 00000000 08:06 2621529                    /lib/x86_64-linux-gnu/libresolv-2.19.so
7fd12ec61000-7fd12ee61000 ---p 00017000 08:06 2621529                    /lib/x86_64-linux-gnu/libresolv-2.19.so
7fd12ee61000-7fd12ee62000 r--p 00017000 08:06 2621529                    /lib/x86_64-linux-gnu/libresolv-2.19.so
7fd12ee62000-7fd12ee63000 rw-p 00018000 08:06 2621529                    /lib/x86_64-linux-gnu/libresolv-2.19.so
7fd12ee63000-7fd12ee65000 rw-p 00000000 00:00 0 
7fd12ee65000-7fd12ee85000 r-xp 00000000 08:06 2625794                    /lib/x86_64-linux-gnu/libselinux.so.1
7fd12ee85000-7fd12f084000 ---p 00020000 08:06 2625794                    /lib/x86_64-linux-gnu/libselinux.so.1
7fd12f084000-7fd12f085000 r--p 0001f000 08:06 2625794                    /lib/x86_64-linux-gnu/libselinux.so.1
7fd12f085000-7fd12f086000 rw-p 00020000 08:06 2625794                    /lib/x86_64-linux-gnu/libselinux.so.1
7fd12f086000-7fd12f088000 rw-p 00000000 00:00 0 
7fd12f088000-7fd12f08b000 r-xp 00000000 08:06 2890795                    /usr/lib/x86_64-linux-gnu/libgmodule-2.0.so.0.4000.0
7fd12f08b000-7fd12f28a000 ---p 00003000 08:06 2890795                    /usr/lib/x86_64-linux-gnu/libgmodule-2.0.so.0.4000.0
7fd12f28a000-7fd12f28b000 r--p 00002000 08:06 2890795                    /usr/lib/x86_64-linux-gnu/libgmodule-2.0.so.0.4000.0
7fd12f28b000-7fd12f28c000 rw-p 00003000 08:06 2890795                    /usr/lib/x86_64-linux-gnu/libgmodule-2.0.so.0.4000.0
7fd12f28c000-7fd12f392000 r-xp 00000000 08:06 2625472                    /lib/x86_64-linux-gnu/libglib-2.0.so.0.4000.0
7fd12f392000-7fd12f591000 ---p 00106000 08:06 2625472                    /lib/x86_64-linux-gnu/libglib-2.0.so.0.4000.0
7fd12f591000-7fd12f592000 r--p 00105000 08:06 2625472                    /lib/x86_64-linux-gnu/libglib-2.0.so.0.4000.0
7fd12f592000-7fd12f593000 rw-p 00106000 08:06 2625472                    /lib/x86_64-linux-gnu/libglib-2.0.so.0.4000.0
7fd12f593000-7fd12f594000 rw-p 00000000 00:00 0 
7fd12f594000-7fd12f5e3000 r-xp 00000000 08:06 2890811                    /usr/lib/x86_64-linux-gnu/libgobject-2.0.so.0.4000.0
7fd12f5e3000-7fd12f7e3000 ---p 0004f000 08:06 2890811                    /usr/lib/x86_64-linux-gnu/libgobject-2.0.so.0.4000.0
7fd12f7e3000-7fd12f7e4000 r--p 0004f000 08:06 2890811                    /usr/lib/x86_64-linux-gnu/libgobject-2.0.so.0.4000.0
7fd12f7e4000-7fd12f7e5000 rw-p 00050000 08:06 2890811                    /usr/lib/x86_64-linux-gnu/libgobject-2.0.so.0.4000.0
7fd12f7e5000-7fd12f950000 r-xp 00000000 08:06 2890781                    /usr/lib/x86_64-linux-gnu/libgio-2.0.so.0.4000.0
7fd12f950000-7fd12fb50000 ---p 0016b000 08:06 2890781                    /usr/lib/x86_64-linux-gnu/libgio-2.0.so.0.4000.0
7fd12fb50000-7fd12fb54000 r--p 0016b000 08:06 2890781                    /usr/lib/x86_64-linux-gnu/libgio-2.0.so.0.4000.0
7fd12fb54000-7fd12fb56000 rw-p 0016f000 08:06 2890781                    /usr/lib/x86_64-linux-gnu/libgio-2.0.so.0.4000.0
7fd12fb56000-7fd12fb58000 rw-p 00000000 00:00 0 
7fd12fb58000-7fd12fb6f000 r-xp 00000000 08:06 2761697                    /usr/lib/jvm/java-7-openjdk-amd64/jre/lib/amd64/libnet.so
7fd12fb6f000-7fd12fd6e000 ---p 00017000 08:06 2761697                    /usr/lib/jvm/java-7-openjdk-amd64/jre/lib/amd64/libnet.so
7fd12fd6e000-7fd12fd6f000 r--p 00016000 08:06 2761697                    /usr/lib/jvm/java-7-openjdk-amd64/jre/lib/amd64/libnet.so
7fd12fd6f000-7fd12fd70000 rw-p 00017000 08:06 2761697                    /usr/lib/jvm/java-7-openjdk-amd64/jre/lib/amd64/libnet.so
7fd12fd70000-7fd134000000 rw-p 00000000 00:00 0 
7fd134000000-7fd134021000 rw-p 00000000 00:00 0 
7fd134021000-7fd138000000 ---p 00000000 00:00 0 
7fd138000000-7fd138021000 rw-p 00000000 00:00 0 
7fd138021000-7fd13c000000 ---p 00000000 00:00 0 
7fd13c000000-7fd13c021000 rw-p 00000000 00:00 0 
7fd13c021000-7fd140000000 ---p 00000000 00:00 0 
7fd140000000-7fd140021000 rw-p 00000000 00:00 0 
7fd140021000-7fd144000000 ---p 00000000 00:00 0 
7fd144005000-7fd1440de000 rw-p 00000000 00:00 0 
7fd1440de000-7fd1440ee000 r-xp 00000000 08:06 2762807                    /usr/lib/jvm/java-7-openjdk-amd64/jre/lib/amd64/libnio.so
7fd1440ee000-7fd1442ee000 ---p 00010000 08:06 2762807                    /usr/lib/jvm/java-7-openjdk-amd64/jre/lib/amd64/libnio.so
7fd1442ee000-7fd1442ef000 r--p 00010000 08:06 2762807                    /usr/lib/jvm/java-7-openjdk-amd64/jre/lib/amd64/libnio.so
7fd1442ef000-7fd1442f0000 rw-p 00011000 08:06 2762807                    /usr/lib/jvm/java-7-openjdk-amd64/jre/lib/amd64/libnio.so
7fd1442f0000-7fd1442f1000 ---p 00000000 00:00 0 
7fd1442f1000-7fd1443f1000 rw-p 00000000 00:00 0                          [stack:10769]
7fd1443f1000-7fd1443f4000 ---p 00000000 00:00 0 
7fd1443f4000-7fd1444f2000 rw-p 00000000 00:00 0                          [stack:10768]
7fd1444f2000-7fd1444f5000 ---p 00000000 00:00 0 
7fd1444f5000-7fd1445f3000 rw-p 00000000 00:00 0                          [stack:10767]
7fd1445f3000-7fd1445f6000 ---p 00000000 00:00 0 
7fd1445f6000-7fd1446f4000 rw-p 00000000 00:00 0                          [stack:10766]
7fd1446f4000-7fd1446f7000 ---p 00000000 00:00 0 
7fd1446f7000-7fd1447f5000 rw-p 00000000 00:00 0                          [stack:10762]
7fd1447f5000-7fd1447f8000 ---p 00000000 00:00 0 
7fd1447f8000-7fd1448f6000 rw-p 00000000 00:00 0                          [stack:10761]
7fd1448f6000-7fd1448f9000 ---p 00000000 00:00 0 
7fd1448f9000-7fd1449f7000 rw-p 00000000 00:00 0                          [stack:10760]
7fd1449f7000-7fd1449fb000 r-xp 00000000 08:06 2762810                    /usr/lib/jvm/java-7-openjdk-amd64/jre/lib/amd64/libdt_socket.so
7fd1449fb000-7fd144bfa000 ---p 00004000 08:06 2762810                    /usr/lib/jvm/java-7-openjdk-amd64/jre/lib/amd64/libdt_socket.so
7fd144bfa000-7fd144bfb000 r--p 00003000 08:06 2762810                    /usr/lib/jvm/java-7-openjdk-amd64/jre/lib/amd64/libdt_socket.so
7fd144bfb000-7fd144bfc000 rw-p 00004000 08:06 2762810                    /usr/lib/jvm/java-7-openjdk-amd64/jre/lib/amd64/libdt_socket.so
7fd144bfc000-7fd144bff000 ---p 00000000 00:00 0 
7fd144bff000-7fd144cfd000 rw-p 00000000 00:00 0                          [stack:10758]
7fd144cfd000-7fd144d00000 ---p 00000000 00:00 0 
7fd144d00000-7fd144dfe000 rw-p 00000000 00:00 0                          [stack:10757]
7fd144dfe000-7fd144e01000 ---p 00000000 00:00 0 
7fd144e01000-7fd144eff000 rw-p 00000000 00:00 0                          [stack:10756]
7fd144eff000-7fd144f00000 ---p 00000000 00:00 0 
7fd144f00000-7fd145000000 rw-p 00000000 00:00 0                          [stack:10755]
7fd145000000-7fd145270000 rwxp 00000000 00:00 0 
7fd145270000-7fd148183000 rw-p 00000000 00:00 0 
7fd148183000-7fd14c000000 ---p 00000000 00:00 0 
7fd14c09d000-7fd14c0ce000 rw-p 00000000 00:00 0 
7fd14c0ef000-7fd14d0ec000 rw-p 00000000 00:00 0 
7fd14d0ec000-7fd14d29d000 r--s 01d21000 08:06 2762840                    /usr/lib/jvm/java-7-openjdk-amd64/jre/lib/rt.jar
7fd14d29d000-7fd14d7e9000 rw-p 00000000 00:00 0 
7fd14d7e9000-7fd14d7ea000 ---p 00000000 00:00 0 
7fd14d7ea000-7fd14d8ea000 rw-p 00000000 00:00 0                          [stack:10754]
7fd14d8ea000-7fd14d8eb000 ---p 00000000 00:00 0 
7fd14d8eb000-7fd14d9eb000 rw-p 00000000 00:00 0                          [stack:10753]
7fd14d9eb000-7fd14d9ec000 ---p 00000000 00:00 0 
7fd14d9ec000-7fd14daec000 rw-p 00000000 00:00 0                          [stack:10752]
7fd14daec000-7fd14daed000 ---p 00000000 00:00 0 
7fd14daed000-7fd14dbf8000 rw-p 00000000 00:00 0                          [stack:10751]
7fd14dbf8000-7fd14dc40000 rw-p 00000000 00:00 0 
7fd14dc40000-7fd14dc69000 rw-p 00000000 00:00 0 
7fd14dc69000-7fd14decf000 rw-p 00000000 00:00 0 
7fd14decf000-7fd14deda000 rw-p 00000000 00:00 0 
7fd14deda000-7fd14df22000 rw-p 00000000 00:00 0 
7fd14df22000-7fd14df4b000 rw-p 00000000 00:00 0 
7fd14df4b000-7fd14e1b0000 rw-p 00000000 00:00 0 
7fd14e1b0000-7fd14e1c5000 rw-p 00000000 00:00 0 
7fd14e1c5000-7fd14e2f8000 rw-p 00000000 00:00 0 
7fd14e2f8000-7fd14e2f9000 rw-p 00000000 00:00 0 
7fd14e2f9000-7fd14e301000 r-xp 00000000 08:06 2761691                    /usr/lib/jvm/java-7-openjdk-amd64/jre/lib/amd64/libzip.so
7fd14e301000-7fd14e500000 ---p 00008000 08:06 2761691                    /usr/lib/jvm/java-7-openjdk-amd64/jre/lib/amd64/libzip.so
7fd14e500000-7fd14e501000 r--p 00007000 08:06 2761691                    /usr/lib/jvm/java-7-openjdk-amd64/jre/lib/amd64/libzip.so
7fd14e501000-7fd14e502000 rw-p 00008000 08:06 2761691                    /usr/lib/jvm/java-7-openjdk-amd64/jre/lib/amd64/libzip.so
7fd14e502000-7fd14e50d000 r-xp 00000000 08:06 2625421                    /lib/x86_64-linux-gnu/libnss_files-2.19.so
7fd14e50d000-7fd14e70c000 ---p 0000b000 08:06 2625421                    /lib/x86_64-linux-gnu/libnss_files-2.19.so
7fd14e70c000-7fd14e70d000 r--p 0000a000 08:06 2625421                    /lib/x86_64-linux-gnu/libnss_files-2.19.so
7fd14e70d000-7fd14e70e000 rw-p 0000b000 08:06 2625421                    /lib/x86_64-linux-gnu/libnss_files-2.19.so
7fd14e70e000-7fd14e719000 r-xp 00000000 08:06 2625424                    /lib/x86_64-linux-gnu/libnss_nis-2.19.so
7fd14e719000-7fd14e918000 ---p 0000b000 08:06 2625424                    /lib/x86_64-linux-gnu/libnss_nis-2.19.so
7fd14e918000-7fd14e919000 r--p 0000a000 08:06 2625424                    /lib/x86_64-linux-gnu/libnss_nis-2.19.so
7fd14e919000-7fd14e91a000 rw-p 0000b000 08:06 2625424                    /lib/x86_64-linux-gnu/libnss_nis-2.19.so
7fd14e91a000-7fd14e931000 r-xp 00000000 08:06 2621531                    /lib/x86_64-linux-gnu/libnsl-2.19.so
7fd14e931000-7fd14eb30000 ---p 00017000 08:06 2621531                    /lib/x86_64-linux-gnu/libnsl-2.19.so
7fd14eb30000-7fd14eb31000 r--p 00016000 08:06 2621531                    /lib/x86_64-linux-gnu/libnsl-2.19.so
7fd14eb31000-7fd14eb32000 rw-p 00017000 08:06 2621531                    /lib/x86_64-linux-gnu/libnsl-2.19.so
7fd14eb32000-7fd14eb34000 rw-p 00000000 00:00 0 
7fd14eb34000-7fd14eb3d000 r-xp 00000000 08:06 2621459                    /lib/x86_64-linux-gnu/libnss_compat-2.19.so
7fd14eb3d000-7fd14ed3c000 ---p 00009000 08:06 2621459                    /lib/x86_64-linux-gnu/libnss_compat-2.19.so
7fd14ed3c000-7fd14ed3d000 r--p 00008000 08:06 2621459                    /lib/x86_64-linux-gnu/libnss_compat-2.19.so
7fd14ed3d000-7fd14ed3e000 rw-p 00009000 08:06 2621459                    /lib/x86_64-linux-gnu/libnss_compat-2.19.so
7fd14ed3e000-7fd14f42c000 r--p 00000000 08:06 2889327                    /usr/lib/locale/locale-archive
7fd14f42c000-7fd14f42f000 r-xp 00000000 08:06 2761935                    /usr/lib/jvm/java-7-openjdk-amd64/jre/lib/amd64/libnpt.so
7fd14f42f000-7fd14f62e000 ---p 00003000 08:06 2761935                    /usr/lib/jvm/java-7-openjdk-amd64/jre/lib/amd64/libnpt.so
7fd14f62e000-7fd14f62f000 r--p 00002000 08:06 2761935                    /usr/lib/jvm/java-7-openjdk-amd64/jre/lib/amd64/libnpt.so
7fd14f62f000-7fd14f630000 rw-p 00003000 08:06 2761935                    /usr/lib/jvm/java-7-openjdk-amd64/jre/lib/amd64/libnpt.so
7fd14f630000-7fd14f66a000 r-xp 00000000 08:06 2761938                    /usr/lib/jvm/java-7-openjdk-amd64/jre/lib/amd64/libjdwp.so
7fd14f66a000-7fd14f869000 ---p 0003a000 08:06 2761938                    /usr/lib/jvm/java-7-openjdk-amd64/jre/lib/amd64/libjdwp.so
7fd14f869000-7fd14f86a000 r--p 00039000 08:06 2761938                    /usr/lib/jvm/java-7-openjdk-amd64/jre/lib/amd64/libjdwp.so
7fd14f86a000-7fd14f86b000 rw-p 0003a000 08:06 2761938                    /usr/lib/jvm/java-7-openjdk-amd64/jre/lib/amd64/libjdwp.so
7fd14f86b000-7fd14f896000 r-xp 00000000 08:06 2760024                    /usr/lib/jvm/java-7-openjdk-amd64/jre/lib/amd64/libjava.so
7fd14f896000-7fd14fa96000 ---p 0002b000 08:06 2760024                    /usr/lib/jvm/java-7-openjdk-amd64/jre/lib/amd64/libjava.so
7fd14fa96000-7fd14fa97000 r--p 0002b000 08:06 2760024                    /usr/lib/jvm/java-7-openjdk-amd64/jre/lib/amd64/libjava.so
7fd14fa97000-7fd14fa99000 rw-p 0002c000 08:06 2760024                    /usr/lib/jvm/java-7-openjdk-amd64/jre/lib/amd64/libjava.so
7fd14fa99000-7fd14faa9000 r-xp 00000000 08:06 2761939                    /usr/lib/jvm/java-7-openjdk-amd64/jre/lib/amd64/libverify.so
7fd14faa9000-7fd14fca8000 ---p 00010000 08:06 2761939                    /usr/lib/jvm/java-7-openjdk-amd64/jre/lib/amd64/libverify.so
7fd14fca8000-7fd14fcaa000 r--p 0000f000 08:06 2761939                    /usr/lib/jvm/java-7-openjdk-amd64/jre/lib/amd64/libverify.so
7fd14fcaa000-7fd14fcab000 rw-p 00011000 08:06 2761939                    /usr/lib/jvm/java-7-openjdk-amd64/jre/lib/amd64/libverify.so
7fd14fcab000-7fd14fcb2000 r-xp 00000000 08:06 2621534                    /lib/x86_64-linux-gnu/librt-2.19.so
7fd14fcb2000-7fd14feb1000 ---p 00007000 08:06 2621534                    /lib/x86_64-linux-gnu/librt-2.19.so
7fd14feb1000-7fd14feb2000 r--p 00006000 08:06 2621534                    /lib/x86_64-linux-gnu/librt-2.19.so
7fd14feb2000-7fd14feb3000 rw-p 00007000 08:06 2621534                    /lib/x86_64-linux-gnu/librt-2.19.so
7fd14feb3000-7fd14fec9000 r-xp 00000000 08:06 2625468                    /lib/x86_64-linux-gnu/libgcc_s.so.1
7fd14fec9000-7fd1500c8000 ---p 00016000 08:06 2625468                    /lib/x86_64-linux-gnu/libgcc_s.so.1
7fd1500c8000-7fd1500c9000 rw-p 00015000 08:06 2625468                    /lib/x86_64-linux-gnu/libgcc_s.so.1
7fd1500c9000-7fd1501ce000 r-xp 00000000 08:06 2625417                    /lib/x86_64-linux-gnu/libm-2.19.so
7fd1501ce000-7fd1503cd000 ---p 00105000 08:06 2625417                    /lib/x86_64-linux-gnu/libm-2.19.so
7fd1503cd000-7fd1503ce000 r--p 00104000 08:06 2625417                    /lib/x86_64-linux-gnu/libm-2.19.so
7fd1503ce000-7fd1503cf000 rw-p 00105000 08:06 2625417                    /lib/x86_64-linux-gnu/libm-2.19.so
7fd1503cf000-7fd1504b5000 r-xp 00000000 08:06 2891306                    /usr/lib/x86_64-linux-gnu/libstdc++.so.6.0.19
7fd1504b5000-7fd1506b4000 ---p 000e6000 08:06 2891306                    /usr/lib/x86_64-linux-gnu/libstdc++.so.6.0.19
7fd1506b4000-7fd1506bc000 r--p 000e5000 08:06 2891306                    /usr/lib/x86_64-linux-gnu/libstdc++.so.6.0.19
7fd1506bc000-7fd1506be000 rw-p 000ed000 08:06 2891306                    /usr/lib/x86_64-linux-gnu/libstdc++.so.6.0.19
7fd1506be000-7fd1506d3000 rw-p 00000000 00:00 0 
7fd1506d3000-7fd1511e9000 r-xp 00000000 08:06 2883938                    /usr/lib/jvm/java-7-openjdk-amd64/jre/lib/amd64/server/libjvm.so
7fd1511e9000-7fd1513e8000 ---p 00b16000 08:06 2883938                    /usr/lib/jvm/java-7-openjdk-amd64/jre/lib/amd64/server/libjvm.so
7fd1513e8000-7fd151482000 r--p 00b15000 08:06 2883938                    /usr/lib/jvm/java-7-openjdk-amd64/jre/lib/amd64/server/libjvm.so
7fd151482000-7fd1514a5000 rw-p 00baf000 08:06 2883938                    /usr/lib/jvm/java-7-openjdk-amd64/jre/lib/amd64/server/libjvm.so
7fd1514a5000-7fd1514d3000 rw-p 00000000 00:00 0 
7fd1514d3000-7fd1514eb000 r-xp 00000000 08:06 2625604                    /lib/x86_64-linux-gnu/libz.so.1.2.8
7fd1514eb000-7fd1516ea000 ---p 00018000 08:06 2625604                    /lib/x86_64-linux-gnu/libz.so.1.2.8
7fd1516ea000-7fd1516eb000 r--p 00017000 08:06 2625604                    /lib/x86_64-linux-gnu/libz.so.1.2.8
7fd1516eb000-7fd1516ec000 rw-p 00018000 08:06 2625604                    /lib/x86_64-linux-gnu/libz.so.1.2.8
7fd1516ec000-7fd151705000 r-xp 00000000 08:06 2625448                    /lib/x86_64-linux-gnu/libpthread-2.19.so
7fd151705000-7fd151904000 ---p 00019000 08:06 2625448                    /lib/x86_64-linux-gnu/libpthread-2.19.so
7fd151904000-7fd151905000 r--p 00018000 08:06 2625448                    /lib/x86_64-linux-gnu/libpthread-2.19.so
7fd151905000-7fd151906000 rw-p 00019000 08:06 2625448                    /lib/x86_64-linux-gnu/libpthread-2.19.so
7fd151906000-7fd15190a000 rw-p 00000000 00:00 0 
7fd15190a000-7fd15190d000 r-xp 00000000 08:06 2625447                    /lib/x86_64-linux-gnu/libdl-2.19.so
7fd15190d000-7fd151b0c000 ---p 00003000 08:06 2625447                    /lib/x86_64-linux-gnu/libdl-2.19.so
7fd151b0c000-7fd151b0d000 r--p 00002000 08:06 2625447                    /lib/x86_64-linux-gnu/libdl-2.19.so
7fd151b0d000-7fd151b0e000 rw-p 00003000 08:06 2625447                    /lib/x86_64-linux-gnu/libdl-2.19.so
7fd151b0e000-7fd151cc9000 r-xp 00000000 08:06 2621539                    /lib/x86_64-linux-gnu/libc-2.19.so
7fd151cc9000-7fd151ec9000 ---p 001bb000 08:06 2621539                    /lib/x86_64-linux-gnu/libc-2.19.so
7fd151ec9000-7fd151ecd000 r--p 001bb000 08:06 2621539                    /lib/x86_64-linux-gnu/libc-2.19.so
7fd151ecd000-7fd151ecf000 rw-p 001bf000 08:06 2621539                    /lib/x86_64-linux-gnu/libc-2.19.so
7fd151ecf000-7fd151ed4000 rw-p 00000000 00:00 0 
7fd151ed4000-7fd151ee1000 r-xp 00000000 08:06 2883940                    /usr/lib/jvm/java-7-openjdk-amd64/jre/lib/amd64/jli/libjli.so
7fd151ee1000-7fd1520e0000 ---p 0000d000 08:06 2883940                    /usr/lib/jvm/java-7-openjdk-amd64/jre/lib/amd64/jli/libjli.so
7fd1520e0000-7fd1520e1000 r--p 0000c000 08:06 2883940                    /usr/lib/jvm/java-7-openjdk-amd64/jre/lib/amd64/jli/libjli.so
7fd1520e1000-7fd1520e2000 rw-p 0000d000 08:06 2883940                    /usr/lib/jvm/java-7-openjdk-amd64/jre/lib/amd64/jli/libjli.so
7fd1520e2000-7fd152105000 r-xp 00000000 08:06 2621543                    /lib/x86_64-linux-gnu/ld-2.19.so
7fd15211b000-7fd152125000 rw-p 00000000 00:00 0 
7fd152125000-7fd1521db000 rw-p 00000000 00:00 0 
7fd1521db000-7fd1521de000 ---p 00000000 00:00 0 
7fd1521de000-7fd1522e1000 rw-p 00000000 00:00 0                          [stack:10750]
7fd1522e4000-7fd1522e6000 rw-p 00000000 00:00 0 
7fd1522e6000-7fd1522e9000 r--s 0003c000 08:06 2762824                    /usr/lib/jvm/java-7-openjdk-amd64/jre/lib/ext/sunpkcs11.jar
7fd1522e9000-7fd1522ea000 r--s 00002000 08:06 2762823                    /usr/lib/jvm/java-7-openjdk-amd64/jre/lib/ext/dnsns.jar
7fd1522ea000-7fd1522ed000 r--s 0000f000 08:06 2762820                    /usr/lib/jvm/java-7-openjdk-amd64/jre/lib/ext/pulse-java.jar
7fd1522ed000-7fd1522f0000 r--s 00032000 08:06 2762822                    /usr/lib/jvm/java-7-openjdk-amd64/jre/lib/ext/sunjce_provider.jar
7fd1522f0000-7fd1522f2000 r--s 00006000 08:06 3286914                    /usr/share/java/java-atk-wrapper.jar
7fd1522f2000-7fd1522f6000 r--s 00085000 08:06 2762819                    /usr/lib/jvm/java-7-openjdk-amd64/jre/lib/ext/localedata.jar
7fd1522f6000-7fd1522f8000 r--s 00012000 08:06 2762821                    /usr/lib/jvm/java-7-openjdk-amd64/jre/lib/ext/zipfs.jar
7fd1522f8000-7fd152300000 rw-s 00000000 08:06 922023                     /tmp/hsperfdata_yifeige/10744
7fd152300000-7fd152301000 rw-p 00000000 00:00 0 
7fd152301000-7fd152302000 r--p 00000000 00:00 0 
7fd152302000-7fd152304000 rw-p 00000000 00:00 0 
7fd152304000-7fd152305000 r--p 00022000 08:06 2621543                    /lib/x86_64-linux-gnu/ld-2.19.so
7fd152305000-7fd152306000 rw-p 00023000 08:06 2621543                    /lib/x86_64-linux-gnu/ld-2.19.so
7fd152306000-7fd152307000 rw-p 00000000 00:00 0 
7fff2c1f2000-7fff2c213000 rw-p 00000000 00:00 0                          [stack]
7fff2c3ef000-7fff2c3f1000 r-xp 00000000 00:00 0                          [vdso]
ffffffffff600000-ffffffffff601000 r-xp 00000000 00:00 0                  [vsyscall]

VM Arguments:
jvm_args: -agentlib:jdwp=transport=dt_socket,suspend=y,address=localhost:47273 -Dfile.encoding=UTF-8 
java_command: edu.upc.eetac.dsa.yifeige.Ejercicio5.Ejercicio_5
Launcher Type: SUN_STANDARD

Environment Variables:
PATH=/usr/local/sbin:/usr/local/bin:/usr/sbin:/usr/bin:/sbin:/bin:/usr/games:/usr/local/games
USERNAME=yifeige
SHELL=/bin/bash
DISPLAY=:0.0

Signal Handlers:
SIGSEGV: [libjvm.so+0x949110], sa_mask[0]=0x7ffbfeff, sa_flags=0x10000004
SIGBUS: [libjvm.so+0x949110], sa_mask[0]=0x7ffbfeff, sa_flags=0x10000004
SIGFPE: [libjvm.so+0x7c2e80], sa_mask[0]=0x7ffbfeff, sa_flags=0x10000004
SIGPIPE: [libjvm.so+0x7c2e80], sa_mask[0]=0x7ffbfeff, sa_flags=0x10000004
SIGXFSZ: [libjvm.so+0x7c2e80], sa_mask[0]=0x7ffbfeff, sa_flags=0x10000004
SIGILL: [libjvm.so+0x7c2e80], sa_mask[0]=0x7ffbfeff, sa_flags=0x10000004
SIGUSR1: SIG_DFL, sa_mask[0]=0x00000000, sa_flags=0x00000000
SIGUSR2: [libjvm.so+0x7c2d20], sa_mask[0]=0x00000204, sa_flags=0x10000004
SIGHUP: [libjvm.so+0x7c2f00], sa_mask[0]=0x7ffbfeff, sa_flags=0x10000004
SIGINT: [libjvm.so+0x7c2f00], sa_mask[0]=0x7ffbfeff, sa_flags=0x10000004
SIGTERM: [libjvm.so+0x7c2f00], sa_mask[0]=0x7ffbfeff, sa_flags=0x10000004
SIGQUIT: [libjvm.so+0x7c2f00], sa_mask[0]=0x7ffbfeff, sa_flags=0x10000004
SIGTRAP: SIG_DFL, sa_mask[0]=0x00000000, sa_flags=0x00000000


---------------  S Y S T E M  ---------------

OS:Ubuntu 14.04 (trusty)
uname:Linux 3.13.0-32-generic #57-Ubuntu SMP Tue Jul 15 03:51:08 UTC 2014 x86_64
libc:glibc 2.19 NPTL 2.19 
rlimit: STACK 8192k, CORE 0k, NPROC 62624, NOFILE 4096, AS infinity
load average:0,47 0,39 0,36

/proc/meminfo:
MemTotal:        8042464 kB
MemFree:         3163308 kB
Buffers:          148888 kB
Cached:          1739544 kB
SwapCached:            0 kB
Active:          3252680 kB
Inactive:        1375788 kB
Active(anon):    2743352 kB
Inactive(anon):   512440 kB
Active(file):     509328 kB
Inactive(file):   863348 kB
Unevictable:           0 kB
Mlocked:               0 kB
SwapTotal:       8253436 kB
SwapFree:        8253436 kB
Dirty:              1168 kB
Writeback:             0 kB
AnonPages:       2740484 kB
Mapped:           304792 kB
Shmem:            515360 kB
Slab:             101716 kB
SReclaimable:      61648 kB
SUnreclaim:        40068 kB
KernelStack:        6240 kB
PageTables:        52144 kB
NFS_Unstable:          0 kB
Bounce:                0 kB
WritebackTmp:          0 kB
CommitLimit:    12274668 kB
Committed_AS:    8274900 kB
VmallocTotal:   34359738367 kB
VmallocUsed:      360780 kB
VmallocChunk:   34359366232 kB
HardwareCorrupted:     0 kB
AnonHugePages:   1345536 kB
HugePages_Total:       0
HugePages_Free:        0
HugePages_Rsvd:        0
HugePages_Surp:        0
Hugepagesize:       2048 kB
DirectMap4k:       87288 kB
DirectMap2M:     8167424 kB


CPU:total 4 (2 cores per cpu, 2 threads per core) family 6 model 58 stepping 9, cmov, cx8, fxsr, mmx, sse, sse2, sse3, ssse3, sse4.1, sse4.2, popcnt, avx, aes, erms, ht, tsc, tscinvbit, tscinv

/proc/cpuinfo:
processor	: 0
vendor_id	: GenuineIntel
cpu family	: 6
model		: 58
model name	: Intel(R) Core(TM) i7-3520M CPU @ 2.90GHz
stepping	: 9
microcode	: 0x13
cpu MHz		: 2901.000
cache size	: 4096 KB
physical id	: 0
siblings	: 4
core id		: 0
cpu cores	: 2
apicid		: 0
initial apicid	: 0
fpu		: yes
fpu_exception	: yes
cpuid level	: 13
wp		: yes
flags		: fpu vme de pse tsc msr pae mce cx8 apic sep mtrr pge mca cmov pat pse36 clflush dts acpi mmx fxsr sse sse2 ss ht tm pbe syscall nx rdtscp lm constant_tsc arch_perfmon pebs bts rep_good nopl xtopology nonstop_tsc aperfmperf eagerfpu pni pclmulqdq dtes64 monitor ds_cpl vmx smx est tm2 ssse3 cx16 xtpr pdcm pcid sse4_1 sse4_2 x2apic popcnt tsc_deadline_timer aes xsave avx f16c rdrand lahf_lm ida arat epb xsaveopt pln pts dtherm tpr_shadow vnmi flexpriority ept vpid fsgsbase smep erms
bogomips	: 5786.41
clflush size	: 64
cache_alignment	: 64
address sizes	: 36 bits physical, 48 bits virtual
power management:

processor	: 1
vendor_id	: GenuineIntel
cpu family	: 6
model		: 58
model name	: Intel(R) Core(TM) i7-3520M CPU @ 2.90GHz
stepping	: 9
microcode	: 0x13
cpu MHz		: 2901.000
cache size	: 4096 KB
physical id	: 0
siblings	: 4
core id		: 0
cpu cores	: 2
apicid		: 1
initial apicid	: 1
fpu		: yes
fpu_exception	: yes
cpuid level	: 13
wp		: yes
flags		: fpu vme de pse tsc msr pae mce cx8 apic sep mtrr pge mca cmov pat pse36 clflush dts acpi mmx fxsr sse sse2 ss ht tm pbe syscall nx rdtscp lm constant_tsc arch_perfmon pebs bts rep_good nopl xtopology nonstop_tsc aperfmperf eagerfpu pni pclmulqdq dtes64 monitor ds_cpl vmx smx est tm2 ssse3 cx16 xtpr pdcm pcid sse4_1 sse4_2 x2apic popcnt tsc_deadline_timer aes xsave avx f16c rdrand lahf_lm ida arat epb xsaveopt pln pts dtherm tpr_shadow vnmi flexpriority ept vpid fsgsbase smep erms
bogomips	: 5786.41
clflush size	: 64
cache_alignment	: 64
address sizes	: 36 bits physical, 48 bits virtual
power management:

processor	: 2
vendor_id	: GenuineIntel
cpu family	: 6
model		: 58
model name	: Intel(R) Core(TM) i7-3520M CPU @ 2.90GHz
stepping	: 9
microcode	: 0x13
cpu MHz		: 1400.000
cache size	: 4096 KB
physical id	: 0
siblings	: 4
core id		: 1
cpu cores	: 2
apicid		: 2
initial apicid	: 2
fpu		: yes
fpu_exception	: yes
cpuid level	: 13
wp		: yes
flags		: fpu vme de pse tsc msr pae mce cx8 apic sep mtrr pge mca cmov pat pse36 clflush dts acpi mmx fxsr sse sse2 ss ht tm pbe syscall nx rdtscp lm constant_tsc arch_perfmon pebs bts rep_good nopl xtopology nonstop_tsc aperfmperf eagerfpu pni pclmulqdq dtes64 monitor ds_cpl vmx smx est tm2 ssse3 cx16 xtpr pdcm pcid sse4_1 sse4_2 x2apic popcnt tsc_deadline_timer aes xsave avx f16c rdrand lahf_lm ida arat epb xsaveopt pln pts dtherm tpr_shadow vnmi flexpriority ept vpid fsgsbase smep erms
bogomips	: 5786.41
clflush size	: 64
cache_alignment	: 64
address sizes	: 36 bits physical, 48 bits virtual
power management:

processor	: 3
vendor_id	: GenuineIntel
cpu family	: 6
model		: 58
model name	: Intel(R) Core(TM) i7-3520M CPU @ 2.90GHz
stepping	: 9
microcode	: 0x13
cpu MHz		: 2901.000
cache size	: 4096 KB
physical id	: 0
siblings	: 4
core id		: 1
cpu cores	: 2
apicid		: 3
initial apicid	: 3
fpu		: yes
fpu_exception	: yes
cpuid level	: 13
wp		: yes
flags		: fpu vme de pse tsc msr pae mce cx8 apic sep mtrr pge mca cmov pat pse36 clflush dts acpi mmx fxsr sse sse2 ss ht tm pbe syscall nx rdtscp lm constant_tsc arch_perfmon pebs bts rep_good nopl xtopology nonstop_tsc aperfmperf eagerfpu pni pclmulqdq dtes64 monitor ds_cpl vmx smx est tm2 ssse3 cx16 xtpr pdcm pcid sse4_1 sse4_2 x2apic popcnt tsc_deadline_timer aes xsave avx f16c rdrand lahf_lm ida arat epb xsaveopt pln pts dtherm tpr_shadow vnmi flexpriority ept vpid fsgsbase smep erms
bogomips	: 5786.41
clflush size	: 64
cache_alignment	: 64
address sizes	: 36 bits physical, 48 bits virtual
power management:



Memory: 4k page, physical 8042464k(3163308k free), swap 8253436k(8253436k free)

vm_info: OpenJDK 64-Bit Server VM (24.65-b04) for linux-amd64 JRE (1.7.0_65-b32), built on Aug 23 2014 13:33:31 by "buildd" with gcc 4.8.2

time: Sat Oct  4 12:58:17 2014
elapsed time: 38 seconds

